C:\Users\kuche\Desktop\Praktykant\University-Service\SchoolRegisterSystem\..wwwroot\js\chat.js\AbortController.js
C:\Users\kuche\Desktop\Praktykant\University-Service\SchoolRegisterSystem\..wwwroot\js\chat.js\AbortController.js.map
C:\Users\kuche\Desktop\Praktykant\University-Service\SchoolRegisterSystem\..wwwroot\js\chat.js\Errors.js
C:\Users\kuche\Desktop\Praktykant\University-Service\SchoolRegisterSystem\..wwwroot\js\chat.js\Errors.js.map
C:\Users\kuche\Desktop\Praktykant\University-Service\SchoolRegisterSystem\..wwwroot\js\chat.js\TextMessageFormat.js
C:\Users\kuche\Desktop\Praktykant\University-Service\SchoolRegisterSystem\..wwwroot\js\chat.js\TextMessageFormat.js.map
C:\Users\kuche\Desktop\Praktykant\University-Service\SchoolRegisterSystem\..wwwroot\js\chat.js\HandshakeProtocol.js
C:\Users\kuche\Desktop\Praktykant\University-Service\SchoolRegisterSystem\..wwwroot\js\chat.js\HandshakeProtocol.js.map
C:\Users\kuche\Desktop\Praktykant\University-Service\SchoolRegisterSystem\..wwwroot\js\chat.js\ILogger.js
C:\Users\kuche\Desktop\Praktykant\University-Service\SchoolRegisterSystem\..wwwroot\js\chat.js\ILogger.js.map
C:\Users\kuche\Desktop\Praktykant\University-Service\SchoolRegisterSystem\..wwwroot\js\chat.js\HttpClient.js
C:\Users\kuche\Desktop\Praktykant\University-Service\SchoolRegisterSystem\..wwwroot\js\chat.js\HttpClient.js.map
C:\Users\kuche\Desktop\Praktykant\University-Service\SchoolRegisterSystem\..wwwroot\js\chat.js\ITransport.js
C:\Users\kuche\Desktop\Praktykant\University-Service\SchoolRegisterSystem\..wwwroot\js\chat.js\ITransport.js.map
C:\Users\kuche\Desktop\Praktykant\University-Service\SchoolRegisterSystem\..wwwroot\js\chat.js\IConnection.js
C:\Users\kuche\Desktop\Praktykant\University-Service\SchoolRegisterSystem\..wwwroot\js\chat.js\IConnection.js.map
C:\Users\kuche\Desktop\Praktykant\University-Service\SchoolRegisterSystem\..wwwroot\js\chat.js\IHttpConnectionOptions.js
C:\Users\kuche\Desktop\Praktykant\University-Service\SchoolRegisterSystem\..wwwroot\js\chat.js\IHttpConnectionOptions.js.map
C:\Users\kuche\Desktop\Praktykant\University-Service\SchoolRegisterSystem\..wwwroot\js\chat.js\Loggers.js
C:\Users\kuche\Desktop\Praktykant\University-Service\SchoolRegisterSystem\..wwwroot\js\chat.js\Loggers.js.map
C:\Users\kuche\Desktop\Praktykant\University-Service\SchoolRegisterSystem\..wwwroot\js\chat.js\Stream.js
C:\Users\kuche\Desktop\Praktykant\University-Service\SchoolRegisterSystem\..wwwroot\js\chat.js\Stream.js.map
C:\Users\kuche\Desktop\Praktykant\University-Service\SchoolRegisterSystem\..wwwroot\js\chat.js\Utils.js
C:\Users\kuche\Desktop\Praktykant\University-Service\SchoolRegisterSystem\..wwwroot\js\chat.js\Utils.js.map
C:\Users\kuche\Desktop\Praktykant\University-Service\SchoolRegisterSystem\..wwwroot\js\chat.js\LongPollingTransport.js
C:\Users\kuche\Desktop\Praktykant\University-Service\SchoolRegisterSystem\..wwwroot\js\chat.js\LongPollingTransport.js.map
C:\Users\kuche\Desktop\Praktykant\University-Service\SchoolRegisterSystem\..wwwroot\js\chat.js\ServerSentEventsTransport.js
C:\Users\kuche\Desktop\Praktykant\University-Service\SchoolRegisterSystem\..wwwroot\js\chat.js\ServerSentEventsTransport.js.map
C:\Users\kuche\Desktop\Praktykant\University-Service\SchoolRegisterSystem\..wwwroot\js\chat.js\WebSocketTransport.js
C:\Users\kuche\Desktop\Praktykant\University-Service\SchoolRegisterSystem\..wwwroot\js\chat.js\WebSocketTransport.js.map
C:\Users\kuche\Desktop\Praktykant\University-Service\SchoolRegisterSystem\..wwwroot\js\chat.js\HttpConnection.js
C:\Users\kuche\Desktop\Praktykant\University-Service\SchoolRegisterSystem\..wwwroot\js\chat.js\HttpConnection.js.map
C:\Users\kuche\Desktop\Praktykant\University-Service\SchoolRegisterSystem\..wwwroot\js\chat.js\IHubProtocol.js
C:\Users\kuche\Desktop\Praktykant\University-Service\SchoolRegisterSystem\..wwwroot\js\chat.js\IHubProtocol.js.map
C:\Users\kuche\Desktop\Praktykant\University-Service\SchoolRegisterSystem\..wwwroot\js\chat.js\HubConnection.js
C:\Users\kuche\Desktop\Praktykant\University-Service\SchoolRegisterSystem\..wwwroot\js\chat.js\HubConnection.js.map
C:\Users\kuche\Desktop\Praktykant\University-Service\SchoolRegisterSystem\..wwwroot\js\chat.js\JsonHubProtocol.js
C:\Users\kuche\Desktop\Praktykant\University-Service\SchoolRegisterSystem\..wwwroot\js\chat.js\JsonHubProtocol.js.map
C:\Users\kuche\Desktop\Praktykant\University-Service\SchoolRegisterSystem\..wwwroot\js\chat.js\HubConnectionBuilder.js
C:\Users\kuche\Desktop\Praktykant\University-Service\SchoolRegisterSystem\..wwwroot\js\chat.js\HubConnectionBuilder.js.map
C:\Users\kuche\Desktop\Praktykant\University-Service\SchoolRegisterSystem\..wwwroot\js\chat.js\index.js
C:\Users\kuche\Desktop\Praktykant\University-Service\SchoolRegisterSystem\..wwwroot\js\chat.js\index.js.map
C:\Users\kuche\Desktop\Praktykant\University-Service\SchoolRegisterSystem\..wwwroot\js\chat.js\browser-index.js
C:\Users\kuche\Desktop\Praktykant\University-Service\SchoolRegisterSystem\..wwwroot\js\chat.js\browser-index.js.map
